SF:lib\components\movies\custom_tile.dart
DA:7,2
DA:18,1
DA:20,1
DA:22,1
DA:23,1
DA:24,1
DA:25,0
DA:26,0
DA:27,0
DA:28,0
DA:29,0
DA:30,0
DA:35,1
DA:36,2
DA:37,1
DA:38,1
DA:39,1
DA:40,0
DA:41,0
DA:46,1
DA:47,1
DA:48,1
DA:50,1
DA:51,2
DA:52,1
LF:25
LH:17
end_of_record
SF:lib\services\builders.dart
DA:6,2
DA:9,4
DA:12,1
DA:14,2
DA:15,2
DA:16,1
DA:17,1
DA:18,1
DA:19,1
LF:9
LH:9
end_of_record
SF:lib\screens\others\fullscreen.dart
DA:6,0
DA:11,0
DA:13,0
DA:14,0
DA:15,0
DA:17,0
DA:18,0
DA:19,0
DA:20,0
DA:21,0
DA:22,0
LF:11
LH:0
end_of_record
SF:lib\services\tmdb.dart
DA:16,1
DA:19,2
DA:20,1
DA:23,1
DA:25,2
DA:33,1
DA:35,2
DA:36,1
DA:37,1
DA:39,2
DA:47,3
DA:49,6
DA:50,3
DA:52,6
DA:62,1
DA:63,1
DA:69,1
DA:71,2
DA:73,2
DA:75,2
DA:77,2
DA:79,1
LF:22
LH:22
end_of_record
SF:lib\services\networking.dart
DA:6,3
DA:10,3
DA:11,9
DA:13,6
DA:14,3
DA:15,3
DA:17,2
LF:7
LH:7
end_of_record
SF:lib\components\movies\custom_card.dart
DA:6,1
DA:12,1
DA:14,1
DA:15,1
DA:16,1
DA:18,1
DA:19,1
DA:21,1
DA:23,1
DA:24,1
DA:25,1
DA:27,1
DA:28,1
DA:29,0
DA:30,0
DA:35,1
DA:37,1
DA:38,1
DA:39,1
DA:40,1
DA:41,1
DA:42,1
DA:46,1
DA:47,1
DA:49,1
LF:25
LH:23
end_of_record
SF:lib\services\form_validators.dart
DA:3,1
DA:4,2
DA:8,1
DA:9,2
DA:13,1
DA:15,1
DA:19,1
DA:21,5
DA:25,1
DA:26,2
DA:30,1
DA:32,1
DA:33,2
LF:13
LH:13
end_of_record
SF:lib\components\movies\genre_container.dart
DA:4,1
DA:8,1
DA:10,1
DA:12,1
DA:13,1
DA:14,1
DA:15,1
DA:16,1
DA:21,1
DA:22,1
DA:24,1
LF:11
LH:11
end_of_record
SF:lib\components\movies\movie_card.dart
DA:7,2
DA:23,2
DA:25,2
DA:26,8
DA:27,2
DA:28,2
DA:29,2
DA:30,2
DA:31,2
DA:32,2
DA:33,4
DA:34,1
DA:36,4
DA:37,1
DA:40,2
DA:41,2
DA:42,4
DA:43,2
DA:46,2
DA:47,2
DA:49,2
DA:50,0
DA:51,0
DA:52,0
DA:53,0
DA:54,0
DA:60,2
DA:62,2
DA:64,2
DA:66,2
DA:67,2
DA:68,2
DA:69,2
DA:71,4
DA:72,2
DA:73,0
DA:74,0
DA:83,2
DA:85,2
DA:87,2
DA:88,2
DA:89,2
DA:90,2
DA:92,2
DA:95,2
DA:96,2
DA:98,2
DA:101,2
DA:102,2
DA:103,2
DA:104,2
DA:106,2
DA:113,2
DA:114,2
DA:115,2
DA:117,2
DA:127,2
DA:129,2
DA:132,2
DA:133,2
DA:135,2
DA:136,2
DA:138,2
DA:139,8
DA:142,2
DA:144,2
DA:146,2
DA:147,2
DA:150,2
DA:162,2
DA:164,2
DA:165,2
DA:167,2
LF:73
LH:66
end_of_record
SF:lib\components\movies\movie_details_layout.dart
DA:12,1
DA:33,1
DA:34,1
DA:58,1
DA:60,1
DA:61,2
DA:66,5
DA:67,1
DA:74,1
DA:75,5
DA:76,2
DA:77,1
DA:81,1
DA:83,2
DA:84,1
DA:86,1
DA:90,1
DA:91,1
DA:92,2
DA:93,2
DA:94,2
DA:95,2
DA:96,2
DA:99,1
DA:100,1
DA:101,1
DA:102,1
DA:103,1
DA:105,1
DA:107,1
DA:108,1
DA:111,1
DA:112,1
DA:114,1
DA:115,1
DA:118,1
DA:119,1
DA:120,1
DA:121,1
DA:123,1
DA:124,1
DA:125,1
DA:127,1
DA:128,1
DA:129,1
DA:131,1
DA:132,1
DA:133,1
DA:139,1
DA:140,1
DA:141,1
DA:142,1
DA:143,1
DA:146,1
DA:147,2
DA:150,1
DA:155,1
DA:158,1
DA:160,2
DA:163,1
DA:166,1
DA:168,1
DA:170,3
DA:184,1
DA:186,2
DA:187,2
DA:188,1
DA:193,1
DA:201,1
DA:203,1
DA:204,1
DA:205,2
DA:206,1
DA:208,2
DA:210,1
DA:211,1
DA:213,1
DA:215,1
DA:221,1
LF:79
LH:79
end_of_record
SF:lib\components\rooms\room_list.dart
DA:7,1
DA:11,0
DA:12,0
DA:20,0
DA:21,0
DA:22,0
DA:23,0
DA:24,0
DA:25,0
DA:27,0
DA:29,0
DA:30,0
DA:31,0
DA:33,0
DA:35,0
DA:39,0
DA:40,0
LF:17
LH:1
end_of_record
SF:lib\localization\app_localizations.dart
DA:9,0
DA:11,0
DA:12,0
DA:20,0
DA:22,0
DA:23,0
DA:25,0
DA:26,0
DA:32,0
DA:33,0
DA:39,0
DA:41,0
DA:43,0
DA:47,0
DA:48,0
DA:49,0
DA:53,0
LF:17
LH:0
end_of_record
SF:lib\components\others\simple_box.dart
DA:4,0
DA:8,0
DA:10,0
DA:12,0
DA:14,0
DA:16,0
DA:17,0
DA:18,0
LF:8
LH:0
end_of_record
SF:lib\components\rooms\info_tile.dart
DA:10,1
DA:12,1
DA:14,1
DA:16,4
DA:17,1
DA:19,1
DA:20,1
DA:22,1
DA:24,1
DA:25,1
DA:28,1
DA:29,1
DA:31,1
DA:33,1
DA:34,2
DA:35,1
DA:39,1
DA:41,1
DA:42,4
DA:44,1
DA:45,2
DA:46,1
DA:51,1
DA:52,1
DA:54,1
DA:56,1
LF:26
LH:26
end_of_record
SF:lib\components\rooms\message_bubble.dart
DA:5,0
DA:11,0
DA:13,0
DA:14,0
DA:15,0
DA:17,0
DA:18,0
DA:19,0
DA:20,0
DA:21,0
DA:26,0
DA:27,0
DA:28,0
DA:29,0
DA:30,0
DA:31,0
DA:32,0
DA:33,0
DA:34,0
DA:35,0
DA:38,0
DA:39,0
DA:40,0
DA:41,0
DA:42,0
DA:43,0
LF:26
LH:0
end_of_record
SF:lib\components\rooms\room_list_tile.dart
DA:8,0
DA:12,0
DA:14,0
DA:16,0
DA:19,0
DA:20,0
DA:22,0
DA:23,0
DA:24,0
DA:26,0
DA:28,0
DA:30,0
DA:31,0
DA:32,0
DA:33,0
DA:34,0
DA:35,0
DA:39,0
DA:41,0
DA:42,0
DA:43,0
DA:45,0
DA:46,0
DA:48,0
DA:49,0
DA:50,0
LF:26
LH:0
end_of_record
SF:lib\screens\rooms\room_details.dart
DA:18,0
DA:23,0
DA:24,0
DA:37,0
DA:39,0
DA:40,0
DA:41,0
DA:43,0
DA:44,0
DA:47,0
DA:48,0
DA:49,0
DA:50,0
DA:51,0
DA:52,0
DA:53,0
DA:62,0
DA:63,0
DA:65,0
DA:66,0
DA:67,0
DA:68,0
DA:70,0
DA:71,0
DA:72,0
DA:73,0
DA:74,0
DA:75,0
DA:76,0
DA:78,0
DA:80,0
DA:81,0
DA:82,0
DA:83,0
DA:84,0
DA:87,0
DA:88,0
DA:89,0
DA:90,0
DA:91,0
DA:92,0
DA:93,0
DA:94,0
DA:95,0
DA:96,0
DA:97,0
DA:100,0
DA:101,0
DA:106,0
DA:107,0
DA:116,0
DA:117,0
DA:118,0
DA:120,0
DA:123,0
DA:124,0
DA:125,0
DA:127,0
DA:135,0
DA:136,0
DA:137,0
DA:139,0
DA:140,0
DA:141,0
DA:142,0
DA:143,0
DA:144,0
DA:145,0
DA:146,0
DA:147,0
DA:148,0
DA:152,0
DA:153,0
DA:154,0
DA:155,0
DA:156,0
DA:157,0
DA:158,0
DA:159,0
DA:161,0
DA:162,0
DA:164,0
DA:165,0
DA:168,0
DA:169,0
DA:178,0
DA:179,0
DA:180,0
DA:182,0
DA:185,0
DA:186,0
DA:187,0
DA:189,0
DA:197,0
DA:204,0
DA:205,0
DA:207,0
DA:208,0
DA:209,0
DA:210,0
DA:212,0
DA:213,0
DA:215,0
DA:216,0
DA:217,0
DA:224,0
DA:226,0
DA:227,0
DA:230,0
DA:231,0
DA:232,0
DA:234,0
DA:235,0
DA:236,0
DA:241,0
DA:242,0
DA:244,0
DA:245,0
DA:246,0
DA:247,0
DA:248,0
DA:249,0
DA:250,0
DA:251,0
DA:253,0
DA:254,0
DA:256,0
DA:257,0
DA:262,0
DA:264,0
DA:266,0
DA:267,0
DA:268,0
DA:270,0
DA:271,0
DA:272,0
DA:273,0
DA:274,0
DA:275,0
DA:276,0
DA:277,0
DA:278,0
DA:280,0
DA:282,0
DA:283,0
DA:287,0
DA:288,0
DA:289,0
DA:298,0
DA:300,0
DA:301,0
DA:305,0
DA:307,0
DA:308,0
DA:309,0
DA:311,0
DA:312,0
DA:313,0
DA:314,0
DA:316,0
DA:317,0
DA:318,0
DA:319,0
DA:320,0
DA:325,0
DA:327,0
DA:328,0
DA:330,0
DA:333,0
DA:335,0
DA:336,0
DA:338,0
DA:339,0
DA:340,0
DA:341,0
DA:342,0
DA:343,0
DA:346,0
DA:347,0
DA:348,0
DA:353,0
DA:354,0
DA:356,0
DA:357,0
DA:358,0
DA:359,0
DA:360,0
DA:361,0
DA:364,0
DA:365,0
DA:366,0
DA:368,0
DA:370,0
DA:374,0
DA:375,0
DA:376,0
DA:379,0
DA:380,0
DA:381,0
DA:382,0
DA:400,0
DA:402,0
DA:403,0
DA:405,0
DA:406,0
DA:407,0
DA:408,0
DA:409,0
DA:410,0
DA:413,0
DA:414,0
DA:415,0
DA:416,0
DA:417,0
DA:418,0
DA:419,0
DA:420,0
DA:421,0
DA:422,0
DA:423,0
DA:426,0
DA:428,0
DA:430,0
DA:436,0
DA:437,0
LF:225
LH:0
end_of_record
SF:lib\models\cinema.dart
DA:15,0
DA:26,0
DA:27,0
DA:28,0
DA:29,0
DA:30,0
DA:31,0
DA:32,0
DA:33,0
DA:34,0
DA:37,0
DA:38,0
DA:39,0
DA:40,0
DA:41,0
DA:42,0
DA:43,0
DA:44,0
DA:45,0
LF:19
LH:0
end_of_record
SF:lib\models\film.dart
DA:12,0
DA:20,0
DA:21,0
DA:22,0
DA:23,0
DA:24,0
DA:25,0
DA:28,0
DA:29,0
DA:30,0
DA:31,0
DA:32,0
DA:33,0
LF:13
LH:0
end_of_record
SF:lib\models\message.dart
DA:9,0
DA:12,0
DA:13,0
LF:3
LH:0
end_of_record
SF:lib\models\user.dart
DA:10,0
DA:19,0
DA:20,0
DA:21,0
DA:22,0
DA:23,0
LF:6
LH:0
end_of_record
SF:lib\models\room.dart
DA:20,0
DA:32,0
DA:33,0
DA:34,0
DA:35,0
DA:36,0
DA:37,0
DA:38,0
DA:39,0
DA:40,0
DA:44,0
DA:45,0
DA:46,0
DA:47,0
DA:48,0
DA:49,0
DA:50,0
DA:51,0
DA:52,0
DA:53,0
DA:54,0
LF:21
LH:0
end_of_record
SF:lib\screens\rooms\chat_room.dart
DA:8,0
DA:12,0
DA:16,0
DA:17,0
DA:28,0
DA:30,0
DA:31,0
DA:32,0
DA:35,0
DA:36,0
DA:37,0
DA:38,0
DA:41,0
DA:43,0
DA:48,0
DA:52,0
DA:54,0
DA:55,0
DA:56,0
DA:57,0
DA:60,0
DA:61,0
DA:64,0
DA:65,0
DA:66,0
DA:68,0
DA:69,0
DA:70,0
DA:71,0
DA:74,0
DA:76,0
DA:77,0
DA:78,0
DA:79,0
DA:81,0
DA:82,0
DA:84,0
DA:85,0
DA:87,0
DA:88,0
DA:93,0
DA:94,0
DA:95,0
DA:96,0
DA:97,0
DA:99,0
DA:100,0
DA:101,0
DA:103,0
DA:104,0
DA:105,0
DA:106,0
DA:107,0
DA:108,0
DA:109,0
DA:110,0
DA:111,0
DA:112,0
DA:122,0
DA:124,0
DA:143,0
DA:147,0
DA:149,0
DA:150,0
DA:151,0
DA:152,0
DA:153,0
DA:154,0
DA:159,0
DA:160,0
DA:162,0
DA:163,0
DA:164,0
DA:166,0
DA:168,0
DA:169,0
DA:171,0
DA:174,0
DA:177,0
DA:178,0
DA:180,0
LF:81
LH:0
end_of_record
