SF:lib\components\movies\custom_card.dart
DA:6,1
DA:12,1
DA:14,1
DA:15,1
DA:16,1
DA:18,1
DA:19,1
DA:21,1
DA:23,1
DA:24,1
DA:25,1
DA:27,1
DA:28,1
DA:29,0
DA:30,0
DA:35,1
DA:37,1
DA:38,1
DA:39,1
DA:40,1
DA:41,1
DA:42,1
DA:46,1
DA:47,1
DA:49,1
LF:25
LH:23
end_of_record
SF:lib\services\tmdb.dart
DA:18,1
DA:21,2
DA:22,1
DA:25,1
DA:27,2
DA:35,1
DA:37,2
DA:38,1
DA:39,1
DA:41,2
DA:49,1
DA:51,2
DA:52,1
DA:54,2
DA:64,1
DA:65,1
DA:71,1
DA:73,2
DA:75,2
DA:77,2
DA:79,2
DA:81,1
LF:22
LH:22
end_of_record
SF:lib\localization\app_localizations.dart
DA:9,0
DA:11,0
DA:12,0
DA:20,0
DA:22,0
DA:23,0
DA:25,0
DA:26,0
DA:32,0
DA:33,0
DA:39,0
DA:41,0
DA:43,0
DA:47,0
DA:48,0
DA:49,0
DA:53,0
LF:17
LH:0
end_of_record
SF:lib\services\networking.dart
DA:6,1
DA:10,1
DA:11,3
DA:13,2
DA:14,1
DA:15,1
DA:17,1
LF:7
LH:7
end_of_record
SF:lib\components\movies\custom_tile.dart
DA:7,1
DA:18,1
DA:20,1
DA:22,1
DA:23,1
DA:24,1
DA:25,0
DA:26,0
DA:27,0
DA:28,0
DA:29,0
DA:30,0
DA:35,1
DA:36,2
DA:37,1
DA:38,1
DA:39,1
DA:40,0
DA:41,0
DA:46,1
DA:47,1
DA:48,1
DA:50,1
DA:51,2
DA:52,1
LF:25
LH:17
end_of_record
SF:lib\screens\others\fullscreen.dart
DA:6,0
DA:11,0
DA:13,0
DA:14,0
DA:15,0
DA:17,0
DA:18,0
DA:19,0
DA:20,0
DA:21,0
DA:22,0
LF:11
LH:0
end_of_record
SF:lib\services\form_validators.dart
DA:3,1
DA:4,2
DA:8,1
DA:9,2
DA:13,1
DA:15,1
DA:19,1
DA:21,5
DA:25,1
DA:26,2
DA:30,1
DA:32,1
DA:33,2
LF:13
LH:13
end_of_record
SF:lib\components\movies\genre_container.dart
DA:4,1
DA:8,1
DA:10,1
DA:12,1
DA:13,1
DA:14,1
DA:15,1
DA:16,1
DA:21,1
DA:22,1
DA:24,1
LF:11
LH:11
end_of_record
SF:lib\components\rooms\info_tile.dart
DA:10,1
DA:12,1
DA:14,1
DA:16,4
DA:17,1
DA:19,1
DA:20,1
DA:22,1
DA:24,1
DA:25,1
DA:28,1
DA:29,1
DA:31,1
DA:33,1
DA:34,2
DA:35,1
DA:39,1
DA:41,1
DA:42,4
DA:44,1
DA:45,2
DA:46,1
DA:51,1
DA:52,1
DA:54,1
DA:56,1
LF:26
LH:26
end_of_record
